<?xml version="1.0" encoding="UTF-8"?>
<!-- Generated by org.testng.reporters.JUnitReportReporter -->
<testsuite hostname="hari" failures="0" tests="3" name="com.simplylearn.testng.Tdd.TrainigTest" time="0.029" errors="0" timestamp="2023-12-25T13:48:16 IST" skipped="0">
  <testcase classname="com.simplylearn.testng.Tdd.TrainigTest" name="test1" time="0.016"/>
  <system-out/>
  <testcase classname="com.simplylearn.testng.Tdd.TrainigTest" name="test2" time="0.006"/>
  <system-out/>
  <testcase classname="com.simplylearn.testng.Tdd.TrainigTest" name="test3" time="0.007"/>
  <system-out/>
</testsuite> <!-- com.simplylearn.testng.Tdd.TrainigTest -->
