<?xml version="1.0" encoding="UTF-8"?>
<!-- Generated by org.testng.reporters.JUnitReportReporter -->
<testsuite hostname="hari" failures="0" tests="2" name="com.simplylearn.testng.Tdd.CourseTest" time="0.061" errors="0" timestamp="2023-12-25T13:47:11 IST" skipped="0">
  <testcase classname="com.simplylearn.testng.Tdd.CourseTest" name="test3" time="0.043"/>
  <system-out/>
  <testcase classname="com.simplylearn.testng.Tdd.CourseTest" name="test2" time="0.018"/>
  <system-out/>
</testsuite> <!-- com.simplylearn.testng.Tdd.CourseTest -->
