<?xml version="1.0" encoding="UTF-8"?>
<!-- Generated by org.testng.reporters.JUnitReportReporter -->
<testsuite hostname="hari" failures="0" tests="3" name="com.simplylearn.testng.Tdd.PracticeTest" time="0.032" errors="0" timestamp="2023-12-25T13:48:51 IST" skipped="0">
  <testcase classname="com.simplylearn.testng.Tdd.PracticeTest" name="test2" time="0.003"/>
  <system-out/>
  <testcase classname="com.simplylearn.testng.Tdd.PracticeTest" name="test1" time="0.024"/>
  <system-out/>
  <testcase classname="com.simplylearn.testng.Tdd.PracticeTest" name="test3" time="0.005"/>
  <system-out/>
</testsuite> <!-- com.simplylearn.testng.Tdd.PracticeTest -->
